<?xml version="1.0" encoding="UTF-8"?>
<!-- Generated by org.testng.reporters.JUnitXMLReporter -->
<testsuite ignored="9" hostname="LAPTOP-1PH6218O" failures="0" tests="10" name="Test_Edge" time="51.884" errors="0" timestamp="2024-01-18T15:27:06 IST">
  <testcase classname="com.Test.Test1_HomePageNavigation" name="verify_HomePageNavigation" time="6.448"/>
  <testcase classname="com.Test.Test2_Helpline" name="VerifyHelpline" time="0.284"/>
  <testcase classname="com.Test.Test3_CardSection" name="VerifyCardSection" time="0.001"/>
  <testcase classname="com.Test.Test4_AlertSection" name="VerifyAlertSection" time="0.002"/>
  <testcase classname="com.Test.Test5_Footer" name="VerifyFooterSection" time="0.002"/>
  <testcase classname="com.Test.Test6_Search" name="VerifySearch" time="0.005"/>
  <testcase classname="com.Test.Test7_Examination" name="VerifyActiveExamination" time="0.004"/>
  <testcase classname="com.Test.Test8_Recruitment" name="VerifyRecruitementPage" time="0.0"/>
  <testcase classname="com.Test.Test9_WhatsNew" name="VerifyWhatsNew" time="0.001"/>
  <testcase classname="com.Test.Test10_Commission" name="VerifyTheCommissinPage" time="0.003"/>
  <testcase classname="com.Utility.BaseClass" name="@BeforeSuite BS" time="0.0">
    <ignored/>
  </testcase> <!-- @BeforeSuite BS -->
  <testcase classname="com.Utility.BaseClass" name="@BeforeSuite BS" time="0.0">
    <ignored/>
  </testcase> <!-- @BeforeSuite BS -->
  <testcase classname="com.Utility.BaseClass" name="@BeforeSuite BS" time="0.0">
    <ignored/>
  </testcase> <!-- @BeforeSuite BS -->
  <testcase classname="com.Utility.BaseClass" name="@BeforeSuite BS" time="0.0">
    <ignored/>
  </testcase> <!-- @BeforeSuite BS -->
  <testcase classname="com.Utility.BaseClass" name="@BeforeSuite BS" time="0.0">
    <ignored/>
  </testcase> <!-- @BeforeSuite BS -->
  <testcase classname="com.Utility.BaseClass" name="@BeforeSuite BS" time="0.0">
    <ignored/>
  </testcase> <!-- @BeforeSuite BS -->
  <testcase classname="com.Utility.BaseClass" name="@BeforeSuite BS" time="0.0">
    <ignored/>
  </testcase> <!-- @BeforeSuite BS -->
  <testcase classname="com.Utility.BaseClass" name="@BeforeSuite BS" time="0.0">
    <ignored/>
  </testcase> <!-- @BeforeSuite BS -->
  <testcase classname="com.Utility.BaseClass" name="@BeforeSuite BS" time="0.0">
    <ignored/>
  </testcase> <!-- @BeforeSuite BS -->
</testsuite> <!-- Test_Edge -->
