<?xml version="1.0" encoding="UTF-8"?>
<!-- Generated by org.testng.reporters.JUnitXMLReporter -->
<testsuite ignored="0" hostname="LAPTOP-1PH6218O" failures="1" tests="3" name="Test" time="16.08" errors="0" timestamp="2024-01-15T23:36:53 IST">
  <testcase classname="com.Test.Test1" name="verifyLogin_FB" time="6.867">
    <failure type="java.lang.AssertionError" message="expected [Facebook] but found [Facebook – log in or sign up]">
      <![CDATA[java.lang.AssertionError: expected [Facebook] but found [Facebook – log in or sign up]
at com.Test.Test1.verifyLogin_FB(Test1.java:27)
at java.base/java.util.ArrayList.forEach(ArrayList.java:1511)
... Removed 33 stack frames]]>
    </failure>
  </testcase> <!-- verifyLogin_FB -->
  <testcase classname="com.Test.Test2" name="test2" time="0.003"/>
  <testcase classname="com.Test.Test3" name="test2" time="0.002"/>
</testsuite> <!-- Test -->
