<?xml version="1.0" encoding="UTF-8"?>
<!-- Generated by org.testng.reporters.JUnitXMLReporter -->
<testsuite ignored="9" hostname="LAPTOP-1PH6218O" failures="0" tests="10" name="Test_Firefox" time="70.174" errors="0" timestamp="2024-01-16T16:00:05 IST">
  <testcase classname="com.Test.Test1_HomePageNavigation" name="verify_HomePageNavigation" time="30.044"/>
  <testcase classname="com.Test.Test2_Helpline" name="VerifyHelpline" time="0.001"/>
  <testcase classname="com.Test.Test3_CardSection" name="VerifyCardSection" time="0.001"/>
  <testcase classname="com.Test.Test4_AlertSection" name="VerifyAlertSection" time="0.0"/>
  <testcase classname="com.Test.Test5_Footer" name="VerifyFooterSection" time="0.001"/>
  <testcase classname="com.Test.Test6_Search" name="VerifySearch" time="0.0"/>
  <testcase classname="com.Test.Test7_Examination" name="VerifyActiveExamination" time="0.001"/>
  <testcase classname="com.Test.Test8_Recruitment" name="VerifyRecruitementPage" time="0.001"/>
  <testcase classname="com.Test.Test9_WhatsNew" name="VerifyWhatsNew" time="0.0"/>
  <testcase classname="com.Test.Test10_Commission" name="VerifyTheCommissinPage" time="0.0"/>
  <testcase classname="com.Utility.BaseClass" name="@BeforeSuite BS" time="0.0">
    <ignored/>
  </testcase> <!-- @BeforeSuite BS -->
  <testcase classname="com.Utility.BaseClass" name="@BeforeSuite BS" time="0.0">
    <ignored/>
  </testcase> <!-- @BeforeSuite BS -->
  <testcase classname="com.Utility.BaseClass" name="@BeforeSuite BS" time="0.0">
    <ignored/>
  </testcase> <!-- @BeforeSuite BS -->
  <testcase classname="com.Utility.BaseClass" name="@BeforeSuite BS" time="0.0">
    <ignored/>
  </testcase> <!-- @BeforeSuite BS -->
  <testcase classname="com.Utility.BaseClass" name="@BeforeSuite BS" time="0.0">
    <ignored/>
  </testcase> <!-- @BeforeSuite BS -->
  <testcase classname="com.Utility.BaseClass" name="@BeforeSuite BS" time="0.0">
    <ignored/>
  </testcase> <!-- @BeforeSuite BS -->
  <testcase classname="com.Utility.BaseClass" name="@BeforeSuite BS" time="0.0">
    <ignored/>
  </testcase> <!-- @BeforeSuite BS -->
  <testcase classname="com.Utility.BaseClass" name="@BeforeSuite BS" time="0.0">
    <ignored/>
  </testcase> <!-- @BeforeSuite BS -->
  <testcase classname="com.Utility.BaseClass" name="@BeforeSuite BS" time="0.0">
    <ignored/>
  </testcase> <!-- @BeforeSuite BS -->
</testsuite> <!-- Test_Firefox -->
