<?xml version="1.0" encoding="UTF-8"?>
<testng-results ignored="0" total="30" passed="30" failed="0" skipped="0">
  <reporter-output>
  </reporter-output>
  <suite started-at="2024-01-16T15:55:36 IST" name="Suite" finished-at="2024-01-16T16:00:05 IST" duration-ms="269162">
    <groups>
    </groups>
    <test started-at="2024-01-16T15:55:36 IST" name="Test_Chrome" finished-at="2024-01-16T15:57:05 IST" duration-ms="88778">
      <class name="com.Test.Test9_WhatsNew">
        <test-method is-config="true" signature="setup(java.lang.String)[pri:0, instance:com.Test.Test9_WhatsNew@6e950bcf]" started-at="2024-01-16T15:57:02 IST" name="setup" finished-at="2024-01-16T15:57:03 IST" duration-ms="1384" status="PASS">
          <params>
            <param index="0">
              <value>
                <![CDATA[Chrome]]>
              </value>
            </param>
          </params>
          <reporter-output>
          </reporter-output>
        </test-method> <!-- setup -->
        <test-method signature="VerifyWhatsNew()[pri:0, instance:com.Test.Test9_WhatsNew@6e950bcf]" started-at="2024-01-16T15:57:03 IST" name="VerifyWhatsNew" finished-at="2024-01-16T15:57:03 IST" duration-ms="2" status="PASS">
          <reporter-output>
          </reporter-output>
        </test-method> <!-- VerifyWhatsNew -->
        <test-method is-config="true" signature="tearDown()[pri:0, instance:com.Test.Test9_WhatsNew@6e950bcf]" started-at="2024-01-16T15:57:03 IST" name="tearDown" finished-at="2024-01-16T15:57:03 IST" duration-ms="93" status="PASS">
          <reporter-output>
          </reporter-output>
        </test-method> <!-- tearDown -->
      </class> <!-- com.Test.Test9_WhatsNew -->
      <class name="com.Test.Test1_HomePageNavigation">
        <test-method is-config="true" signature="setup(java.lang.String)[pri:0, instance:com.Test.Test1_HomePageNavigation@403f0a22]" started-at="2024-01-16T15:55:36 IST" name="setup" finished-at="2024-01-16T15:56:21 IST" duration-ms="44982" status="PASS">
          <params>
            <param index="0">
              <value>
                <![CDATA[Chrome]]>
              </value>
            </param>
          </params>
          <reporter-output>
          </reporter-output>
        </test-method> <!-- setup -->
        <test-method signature="verify_HomePageNavigation()[pri:0, instance:com.Test.Test1_HomePageNavigation@403f0a22]" started-at="2024-01-16T15:56:21 IST" name="verify_HomePageNavigation" finished-at="2024-01-16T15:56:51 IST" duration-ms="30148" status="PASS">
          <reporter-output>
          </reporter-output>
        </test-method> <!-- verify_HomePageNavigation -->
        <test-method is-config="true" signature="tearDown()[pri:0, instance:com.Test.Test1_HomePageNavigation@403f0a22]" started-at="2024-01-16T15:56:51 IST" name="tearDown" finished-at="2024-01-16T15:56:51 IST" duration-ms="102" status="PASS">
          <reporter-output>
          </reporter-output>
        </test-method> <!-- tearDown -->
      </class> <!-- com.Test.Test1_HomePageNavigation -->
      <class name="com.Test.Test5_Footer">
        <test-method is-config="true" signature="setup(java.lang.String)[pri:0, instance:com.Test.Test5_Footer@1b835480]" started-at="2024-01-16T15:56:56 IST" name="setup" finished-at="2024-01-16T15:56:57 IST" duration-ms="1440" status="PASS">
          <params>
            <param index="0">
              <value>
                <![CDATA[Chrome]]>
              </value>
            </param>
          </params>
          <reporter-output>
          </reporter-output>
        </test-method> <!-- setup -->
        <test-method signature="VerifyFooterSection()[pri:0, instance:com.Test.Test5_Footer@1b835480]" started-at="2024-01-16T15:56:57 IST" name="VerifyFooterSection" finished-at="2024-01-16T15:56:57 IST" duration-ms="2" status="PASS">
          <reporter-output>
          </reporter-output>
        </test-method> <!-- VerifyFooterSection -->
        <test-method is-config="true" signature="tearDown()[pri:0, instance:com.Test.Test5_Footer@1b835480]" started-at="2024-01-16T15:56:57 IST" name="tearDown" finished-at="2024-01-16T15:56:57 IST" duration-ms="93" status="PASS">
          <reporter-output>
          </reporter-output>
        </test-method> <!-- tearDown -->
      </class> <!-- com.Test.Test5_Footer -->
      <class name="com.Test.Test3_CardSection">
        <test-method is-config="true" signature="setup(java.lang.String)[pri:0, instance:com.Test.Test3_CardSection@294a6b8e]" started-at="2024-01-16T15:56:53 IST" name="setup" finished-at="2024-01-16T15:56:54 IST" duration-ms="1435" status="PASS">
          <params>
            <param index="0">
              <value>
                <![CDATA[Chrome]]>
              </value>
            </param>
          </params>
          <reporter-output>
          </reporter-output>
        </test-method> <!-- setup -->
        <test-method signature="VerifyCardSection()[pri:0, instance:com.Test.Test3_CardSection@294a6b8e]" started-at="2024-01-16T15:56:54 IST" name="VerifyCardSection" finished-at="2024-01-16T15:56:54 IST" duration-ms="1" status="PASS">
          <reporter-output>
          </reporter-output>
        </test-method> <!-- VerifyCardSection -->
        <test-method is-config="true" signature="tearDown()[pri:0, instance:com.Test.Test3_CardSection@294a6b8e]" started-at="2024-01-16T15:56:54 IST" name="tearDown" finished-at="2024-01-16T15:56:54 IST" duration-ms="73" status="PASS">
          <reporter-output>
          </reporter-output>
        </test-method> <!-- tearDown -->
      </class> <!-- com.Test.Test3_CardSection -->
      <class name="com.Test.Test10_Commission">
        <test-method is-config="true" signature="setup(java.lang.String)[pri:0, instance:com.Test.Test10_Commission@16414e40]" started-at="2024-01-16T15:57:03 IST" name="setup" finished-at="2024-01-16T15:57:04 IST" duration-ms="1334" status="PASS">
          <params>
            <param index="0">
              <value>
                <![CDATA[Chrome]]>
              </value>
            </param>
          </params>
          <reporter-output>
          </reporter-output>
        </test-method> <!-- setup -->
        <test-method signature="VerifyTheCommissinPage()[pri:0, instance:com.Test.Test10_Commission@16414e40]" started-at="2024-01-16T15:57:04 IST" name="VerifyTheCommissinPage" finished-at="2024-01-16T15:57:04 IST" duration-ms="2" status="PASS">
          <reporter-output>
          </reporter-output>
        </test-method> <!-- VerifyTheCommissinPage -->
        <test-method is-config="true" signature="tearDown()[pri:0, instance:com.Test.Test10_Commission@16414e40]" started-at="2024-01-16T15:57:04 IST" name="tearDown" finished-at="2024-01-16T15:57:05 IST" duration-ms="80" status="PASS">
          <reporter-output>
          </reporter-output>
        </test-method> <!-- tearDown -->
      </class> <!-- com.Test.Test10_Commission -->
      <class name="com.Test.Test7_Examination">
        <test-method is-config="true" signature="setup(java.lang.String)[pri:0, instance:com.Test.Test7_Examination@4f25b795]" started-at="2024-01-16T15:56:59 IST" name="setup" finished-at="2024-01-16T15:57:00 IST" duration-ms="1333" status="PASS">
          <params>
            <param index="0">
              <value>
                <![CDATA[Chrome]]>
              </value>
            </param>
          </params>
          <reporter-output>
          </reporter-output>
        </test-method> <!-- setup -->
        <test-method signature="VerifyActiveExamination()[pri:0, instance:com.Test.Test7_Examination@4f25b795]" started-at="2024-01-16T15:57:00 IST" name="VerifyActiveExamination" finished-at="2024-01-16T15:57:00 IST" duration-ms="1" status="PASS">
          <reporter-output>
          </reporter-output>
        </test-method> <!-- VerifyActiveExamination -->
        <test-method is-config="true" signature="tearDown()[pri:0, instance:com.Test.Test7_Examination@4f25b795]" started-at="2024-01-16T15:57:00 IST" name="tearDown" finished-at="2024-01-16T15:57:00 IST" duration-ms="79" status="PASS">
          <reporter-output>
          </reporter-output>
        </test-method> <!-- tearDown -->
      </class> <!-- com.Test.Test7_Examination -->
      <class name="com.Test.Test2_Helpline">
        <test-method is-config="true" signature="setup(java.lang.String)[pri:0, instance:com.Test.Test2_Helpline@5b1ebf56]" started-at="2024-01-16T15:56:51 IST" name="setup" finished-at="2024-01-16T15:56:53 IST" duration-ms="1532" status="PASS">
          <params>
            <param index="0">
              <value>
                <![CDATA[Chrome]]>
              </value>
            </param>
          </params>
          <reporter-output>
          </reporter-output>
        </test-method> <!-- setup -->
        <test-method signature="VerifyHelpline()[pri:0, instance:com.Test.Test2_Helpline@5b1ebf56]" started-at="2024-01-16T15:56:53 IST" name="VerifyHelpline" finished-at="2024-01-16T15:56:53 IST" duration-ms="2" status="PASS">
          <reporter-output>
          </reporter-output>
        </test-method> <!-- VerifyHelpline -->
        <test-method is-config="true" signature="tearDown()[pri:0, instance:com.Test.Test2_Helpline@5b1ebf56]" started-at="2024-01-16T15:56:53 IST" name="tearDown" finished-at="2024-01-16T15:56:53 IST" duration-ms="88" status="PASS">
          <reporter-output>
          </reporter-output>
        </test-method> <!-- tearDown -->
      </class> <!-- com.Test.Test2_Helpline -->
      <class name="com.Test.Test8_Recruitment">
        <test-method is-config="true" signature="setup(java.lang.String)[pri:0, instance:com.Test.Test8_Recruitment@6fb365ed]" started-at="2024-01-16T15:57:00 IST" name="setup" finished-at="2024-01-16T15:57:02 IST" duration-ms="1446" status="PASS">
          <params>
            <param index="0">
              <value>
                <![CDATA[Chrome]]>
              </value>
            </param>
          </params>
          <reporter-output>
          </reporter-output>
        </test-method> <!-- setup -->
        <test-method signature="VerifyRecruitementPage()[pri:0, instance:com.Test.Test8_Recruitment@6fb365ed]" started-at="2024-01-16T15:57:02 IST" name="VerifyRecruitementPage" finished-at="2024-01-16T15:57:02 IST" duration-ms="2" status="PASS">
          <reporter-output>
          </reporter-output>
        </test-method> <!-- VerifyRecruitementPage -->
        <test-method is-config="true" signature="tearDown()[pri:0, instance:com.Test.Test8_Recruitment@6fb365ed]" started-at="2024-01-16T15:57:02 IST" name="tearDown" finished-at="2024-01-16T15:57:02 IST" duration-ms="86" status="PASS">
          <reporter-output>
          </reporter-output>
        </test-method> <!-- tearDown -->
      </class> <!-- com.Test.Test8_Recruitment -->
      <class name="com.Test.Test6_Search">
        <test-method is-config="true" signature="setup(java.lang.String)[pri:0, instance:com.Test.Test6_Search@3549bca9]" started-at="2024-01-16T15:56:57 IST" name="setup" finished-at="2024-01-16T15:56:59 IST" duration-ms="1401" status="PASS">
          <params>
            <param index="0">
              <value>
                <![CDATA[Chrome]]>
              </value>
            </param>
          </params>
          <reporter-output>
          </reporter-output>
        </test-method> <!-- setup -->
        <test-method signature="VerifySearch()[pri:0, instance:com.Test.Test6_Search@3549bca9]" started-at="2024-01-16T15:56:59 IST" name="VerifySearch" finished-at="2024-01-16T15:56:59 IST" duration-ms="3" status="PASS">
          <reporter-output>
          </reporter-output>
        </test-method> <!-- VerifySearch -->
        <test-method is-config="true" signature="tearDown()[pri:0, instance:com.Test.Test6_Search@3549bca9]" started-at="2024-01-16T15:56:59 IST" name="tearDown" finished-at="2024-01-16T15:56:59 IST" duration-ms="89" status="PASS">
          <reporter-output>
          </reporter-output>
        </test-method> <!-- tearDown -->
      </class> <!-- com.Test.Test6_Search -->
      <class name="com.Test.Test4_AlertSection">
        <test-method is-config="true" signature="setup(java.lang.String)[pri:0, instance:com.Test.Test4_AlertSection@4b1d6571]" started-at="2024-01-16T15:56:54 IST" name="setup" finished-at="2024-01-16T15:56:56 IST" duration-ms="1397" status="PASS">
          <params>
            <param index="0">
              <value>
                <![CDATA[Chrome]]>
              </value>
            </param>
          </params>
          <reporter-output>
          </reporter-output>
        </test-method> <!-- setup -->
        <test-method signature="VerifyAlertSection()[pri:0, instance:com.Test.Test4_AlertSection@4b1d6571]" started-at="2024-01-16T15:56:56 IST" name="VerifyAlertSection" finished-at="2024-01-16T15:56:56 IST" duration-ms="3" status="PASS">
          <reporter-output>
          </reporter-output>
        </test-method> <!-- VerifyAlertSection -->
        <test-method is-config="true" signature="tearDown()[pri:0, instance:com.Test.Test4_AlertSection@4b1d6571]" started-at="2024-01-16T15:56:56 IST" name="tearDown" finished-at="2024-01-16T15:56:56 IST" duration-ms="86" status="PASS">
          <reporter-output>
          </reporter-output>
        </test-method> <!-- tearDown -->
      </class> <!-- com.Test.Test4_AlertSection -->
    </test> <!-- Test_Chrome -->
    <test started-at="2024-01-16T15:57:05 IST" name="Test_Edge" finished-at="2024-01-16T15:58:55 IST" duration-ms="109775">
      <class name="com.Test.Test9_WhatsNew">
        <test-method is-config="true" signature="setup(java.lang.String)[pri:0, instance:com.Test.Test9_WhatsNew@43f82e78]" started-at="2024-01-16T15:58:37 IST" name="setup" finished-at="2024-01-16T15:58:40 IST" duration-ms="2979" status="PASS">
          <params>
            <param index="0">
              <value>
                <![CDATA[Edge]]>
              </value>
            </param>
          </params>
          <reporter-output>
          </reporter-output>
        </test-method> <!-- setup -->
        <test-method signature="VerifyWhatsNew()[pri:0, instance:com.Test.Test9_WhatsNew@43f82e78]" started-at="2024-01-16T15:58:40 IST" name="VerifyWhatsNew" finished-at="2024-01-16T15:58:40 IST" duration-ms="1" status="PASS">
          <reporter-output>
          </reporter-output>
        </test-method> <!-- VerifyWhatsNew -->
        <test-method is-config="true" signature="tearDown()[pri:0, instance:com.Test.Test9_WhatsNew@43f82e78]" started-at="2024-01-16T15:58:40 IST" name="tearDown" finished-at="2024-01-16T15:58:46 IST" duration-ms="5903" status="PASS">
          <reporter-output>
          </reporter-output>
        </test-method> <!-- tearDown -->
      </class> <!-- com.Test.Test9_WhatsNew -->
      <class name="com.Test.Test1_HomePageNavigation">
        <test-method is-config="true" signature="setup(java.lang.String)[pri:0, instance:com.Test.Test1_HomePageNavigation@22bac7bc]" started-at="2024-01-16T15:57:05 IST" name="setup" finished-at="2024-01-16T15:57:09 IST" duration-ms="4364" status="PASS">
          <params>
            <param index="0">
              <value>
                <![CDATA[Edge]]>
              </value>
            </param>
          </params>
          <reporter-output>
          </reporter-output>
        </test-method> <!-- setup -->
        <test-method signature="verify_HomePageNavigation()[pri:0, instance:com.Test.Test1_HomePageNavigation@22bac7bc]" started-at="2024-01-16T15:57:09 IST" name="verify_HomePageNavigation" finished-at="2024-01-16T15:57:39 IST" duration-ms="30170" status="PASS">
          <reporter-output>
          </reporter-output>
        </test-method> <!-- verify_HomePageNavigation -->
        <test-method is-config="true" signature="tearDown()[pri:0, instance:com.Test.Test1_HomePageNavigation@22bac7bc]" started-at="2024-01-16T15:57:39 IST" name="tearDown" finished-at="2024-01-16T15:57:40 IST" duration-ms="213" status="PASS">
          <reporter-output>
          </reporter-output>
        </test-method> <!-- tearDown -->
      </class> <!-- com.Test.Test1_HomePageNavigation -->
      <class name="com.Test.Test5_Footer">
        <test-method is-config="true" signature="setup(java.lang.String)[pri:0, instance:com.Test.Test5_Footer@5674e1f2]" started-at="2024-01-16T15:58:01 IST" name="setup" finished-at="2024-01-16T15:58:04 IST" duration-ms="3091" status="PASS">
          <params>
            <param index="0">
              <value>
                <![CDATA[Edge]]>
              </value>
            </param>
          </params>
          <reporter-output>
          </reporter-output>
        </test-method> <!-- setup -->
        <test-method signature="VerifyFooterSection()[pri:0, instance:com.Test.Test5_Footer@5674e1f2]" started-at="2024-01-16T15:58:04 IST" name="VerifyFooterSection" finished-at="2024-01-16T15:58:04 IST" duration-ms="3" status="PASS">
          <reporter-output>
          </reporter-output>
        </test-method> <!-- VerifyFooterSection -->
        <test-method is-config="true" signature="tearDown()[pri:0, instance:com.Test.Test5_Footer@5674e1f2]" started-at="2024-01-16T15:58:04 IST" name="tearDown" finished-at="2024-01-16T15:58:10 IST" duration-ms="5914" status="PASS">
          <reporter-output>
          </reporter-output>
        </test-method> <!-- tearDown -->
      </class> <!-- com.Test.Test5_Footer -->
      <class name="com.Test.Test3_CardSection">
        <test-method is-config="true" signature="setup(java.lang.String)[pri:0, instance:com.Test.Test3_CardSection@4612b856]" started-at="2024-01-16T15:57:49 IST" name="setup" finished-at="2024-01-16T15:57:52 IST" duration-ms="3101" status="PASS">
          <params>
            <param index="0">
              <value>
                <![CDATA[Edge]]>
              </value>
            </param>
          </params>
          <reporter-output>
          </reporter-output>
        </test-method> <!-- setup -->
        <test-method signature="VerifyCardSection()[pri:0, instance:com.Test.Test3_CardSection@4612b856]" started-at="2024-01-16T15:57:52 IST" name="VerifyCardSection" finished-at="2024-01-16T15:57:52 IST" duration-ms="1" status="PASS">
          <reporter-output>
          </reporter-output>
        </test-method> <!-- VerifyCardSection -->
        <test-method is-config="true" signature="tearDown()[pri:0, instance:com.Test.Test3_CardSection@4612b856]" started-at="2024-01-16T15:57:52 IST" name="tearDown" finished-at="2024-01-16T15:57:58 IST" duration-ms="5896" status="PASS">
          <reporter-output>
          </reporter-output>
        </test-method> <!-- tearDown -->
      </class> <!-- com.Test.Test3_CardSection -->
      <class name="com.Test.Test10_Commission">
        <test-method is-config="true" signature="setup(java.lang.String)[pri:0, instance:com.Test.Test10_Commission@e54303]" started-at="2024-01-16T15:58:46 IST" name="setup" finished-at="2024-01-16T15:58:49 IST" duration-ms="3101" status="PASS">
          <params>
            <param index="0">
              <value>
                <![CDATA[Edge]]>
              </value>
            </param>
          </params>
          <reporter-output>
          </reporter-output>
        </test-method> <!-- setup -->
        <test-method signature="VerifyTheCommissinPage()[pri:0, instance:com.Test.Test10_Commission@e54303]" started-at="2024-01-16T15:58:49 IST" name="VerifyTheCommissinPage" finished-at="2024-01-16T15:58:49 IST" duration-ms="1" status="PASS">
          <reporter-output>
          </reporter-output>
        </test-method> <!-- VerifyTheCommissinPage -->
        <test-method is-config="true" signature="tearDown()[pri:0, instance:com.Test.Test10_Commission@e54303]" started-at="2024-01-16T15:58:49 IST" name="tearDown" finished-at="2024-01-16T15:58:55 IST" duration-ms="5904" status="PASS">
          <reporter-output>
          </reporter-output>
        </test-method> <!-- tearDown -->
      </class> <!-- com.Test.Test10_Commission -->
      <class name="com.Test.Test7_Examination">
        <test-method is-config="true" signature="setup(java.lang.String)[pri:0, instance:com.Test.Test7_Examination@2a448449]" started-at="2024-01-16T15:58:19 IST" name="setup" finished-at="2024-01-16T15:58:22 IST" duration-ms="3038" status="PASS">
          <params>
            <param index="0">
              <value>
                <![CDATA[Edge]]>
              </value>
            </param>
          </params>
          <reporter-output>
          </reporter-output>
        </test-method> <!-- setup -->
        <test-method signature="VerifyActiveExamination()[pri:0, instance:com.Test.Test7_Examination@2a448449]" started-at="2024-01-16T15:58:22 IST" name="VerifyActiveExamination" finished-at="2024-01-16T15:58:22 IST" duration-ms="1" status="PASS">
          <reporter-output>
          </reporter-output>
        </test-method> <!-- VerifyActiveExamination -->
        <test-method is-config="true" signature="tearDown()[pri:0, instance:com.Test.Test7_Examination@2a448449]" started-at="2024-01-16T15:58:22 IST" name="tearDown" finished-at="2024-01-16T15:58:28 IST" duration-ms="5918" status="PASS">
          <reporter-output>
          </reporter-output>
        </test-method> <!-- tearDown -->
      </class> <!-- com.Test.Test7_Examination -->
      <class name="com.Test.Test2_Helpline">
        <test-method is-config="true" signature="setup(java.lang.String)[pri:0, instance:com.Test.Test2_Helpline@63798ca7]" started-at="2024-01-16T15:57:40 IST" name="setup" finished-at="2024-01-16T15:57:43 IST" duration-ms="3113" status="PASS">
          <params>
            <param index="0">
              <value>
                <![CDATA[Edge]]>
              </value>
            </param>
          </params>
          <reporter-output>
          </reporter-output>
        </test-method> <!-- setup -->
        <test-method signature="VerifyHelpline()[pri:0, instance:com.Test.Test2_Helpline@63798ca7]" started-at="2024-01-16T15:57:43 IST" name="VerifyHelpline" finished-at="2024-01-16T15:57:43 IST" duration-ms="3" status="PASS">
          <reporter-output>
          </reporter-output>
        </test-method> <!-- VerifyHelpline -->
        <test-method is-config="true" signature="tearDown()[pri:0, instance:com.Test.Test2_Helpline@63798ca7]" started-at="2024-01-16T15:57:43 IST" name="tearDown" finished-at="2024-01-16T15:57:49 IST" duration-ms="5928" status="PASS">
          <reporter-output>
          </reporter-output>
        </test-method> <!-- tearDown -->
      </class> <!-- com.Test.Test2_Helpline -->
      <class name="com.Test.Test8_Recruitment">
        <test-method is-config="true" signature="setup(java.lang.String)[pri:0, instance:com.Test.Test8_Recruitment@32f232a5]" started-at="2024-01-16T15:58:28 IST" name="setup" finished-at="2024-01-16T15:58:31 IST" duration-ms="3041" status="PASS">
          <params>
            <param index="0">
              <value>
                <![CDATA[Edge]]>
              </value>
            </param>
          </params>
          <reporter-output>
          </reporter-output>
        </test-method> <!-- setup -->
        <test-method signature="VerifyRecruitementPage()[pri:0, instance:com.Test.Test8_Recruitment@32f232a5]" started-at="2024-01-16T15:58:31 IST" name="VerifyRecruitementPage" finished-at="2024-01-16T15:58:31 IST" duration-ms="1" status="PASS">
          <reporter-output>
          </reporter-output>
        </test-method> <!-- VerifyRecruitementPage -->
        <test-method is-config="true" signature="tearDown()[pri:0, instance:com.Test.Test8_Recruitment@32f232a5]" started-at="2024-01-16T15:58:31 IST" name="tearDown" finished-at="2024-01-16T15:58:37 IST" duration-ms="5980" status="PASS">
          <reporter-output>
          </reporter-output>
        </test-method> <!-- tearDown -->
      </class> <!-- com.Test.Test8_Recruitment -->
      <class name="com.Test.Test6_Search">
        <test-method is-config="true" signature="setup(java.lang.String)[pri:0, instance:com.Test.Test6_Search@79c7532f]" started-at="2024-01-16T15:58:10 IST" name="setup" finished-at="2024-01-16T15:58:13 IST" duration-ms="3049" status="PASS">
          <params>
            <param index="0">
              <value>
                <![CDATA[Edge]]>
              </value>
            </param>
          </params>
          <reporter-output>
          </reporter-output>
        </test-method> <!-- setup -->
        <test-method signature="VerifySearch()[pri:0, instance:com.Test.Test6_Search@79c7532f]" started-at="2024-01-16T15:58:13 IST" name="VerifySearch" finished-at="2024-01-16T15:58:13 IST" duration-ms="1" status="PASS">
          <reporter-output>
          </reporter-output>
        </test-method> <!-- VerifySearch -->
        <test-method is-config="true" signature="tearDown()[pri:0, instance:com.Test.Test6_Search@79c7532f]" started-at="2024-01-16T15:58:13 IST" name="tearDown" finished-at="2024-01-16T15:58:19 IST" duration-ms="5924" status="PASS">
          <reporter-output>
          </reporter-output>
        </test-method> <!-- tearDown -->
      </class> <!-- com.Test.Test6_Search -->
      <class name="com.Test.Test4_AlertSection">
        <test-method is-config="true" signature="setup(java.lang.String)[pri:0, instance:com.Test.Test4_AlertSection@22875539]" started-at="2024-01-16T15:57:58 IST" name="setup" finished-at="2024-01-16T15:58:01 IST" duration-ms="3019" status="PASS">
          <params>
            <param index="0">
              <value>
                <![CDATA[Edge]]>
              </value>
            </param>
          </params>
          <reporter-output>
          </reporter-output>
        </test-method> <!-- setup -->
        <test-method signature="VerifyAlertSection()[pri:0, instance:com.Test.Test4_AlertSection@22875539]" started-at="2024-01-16T15:58:01 IST" name="VerifyAlertSection" finished-at="2024-01-16T15:58:01 IST" duration-ms="0" status="PASS">
          <reporter-output>
          </reporter-output>
        </test-method> <!-- VerifyAlertSection -->
        <test-method is-config="true" signature="tearDown()[pri:0, instance:com.Test.Test4_AlertSection@22875539]" started-at="2024-01-16T15:58:01 IST" name="tearDown" finished-at="2024-01-16T15:58:01 IST" duration-ms="94" status="PASS">
          <reporter-output>
          </reporter-output>
        </test-method> <!-- tearDown -->
      </class> <!-- com.Test.Test4_AlertSection -->
    </test> <!-- Test_Edge -->
    <test started-at="2024-01-16T15:58:55 IST" name="Test_Firefox" finished-at="2024-01-16T16:00:05 IST" duration-ms="70174">
      <class name="com.Test.Test9_WhatsNew">
        <test-method is-config="true" signature="setup(java.lang.String)[pri:0, instance:com.Test.Test9_WhatsNew@49cb9cb5]" started-at="2024-01-16T15:59:57 IST" name="setup" finished-at="2024-01-16T15:59:59 IST" duration-ms="2272" status="PASS">
          <params>
            <param index="0">
              <value>
                <![CDATA[Firefox]]>
              </value>
            </param>
          </params>
          <reporter-output>
          </reporter-output>
        </test-method> <!-- setup -->
        <test-method signature="VerifyWhatsNew()[pri:0, instance:com.Test.Test9_WhatsNew@49cb9cb5]" started-at="2024-01-16T15:59:59 IST" name="VerifyWhatsNew" finished-at="2024-01-16T15:59:59 IST" duration-ms="0" status="PASS">
          <reporter-output>
          </reporter-output>
        </test-method> <!-- VerifyWhatsNew -->
        <test-method is-config="true" signature="tearDown()[pri:0, instance:com.Test.Test9_WhatsNew@49cb9cb5]" started-at="2024-01-16T15:59:59 IST" name="tearDown" finished-at="2024-01-16T16:00:01 IST" duration-ms="1704" status="PASS">
          <reporter-output>
          </reporter-output>
        </test-method> <!-- tearDown -->
      </class> <!-- com.Test.Test9_WhatsNew -->
      <class name="com.Test.Test1_HomePageNavigation">
        <test-method is-config="true" signature="BS()[pri:0, instance:com.Test.Test1_HomePageNavigation@2dc995f4]" started-at="2024-01-16T15:55:35 IST" name="BS" finished-at="2024-01-16T15:55:36 IST" duration-ms="652" status="PASS">
          <reporter-output>
          </reporter-output>
        </test-method> <!-- BS -->
        <test-method is-config="true" signature="setup(java.lang.String)[pri:0, instance:com.Test.Test1_HomePageNavigation@2dc995f4]" started-at="2024-01-16T15:58:55 IST" name="setup" finished-at="2024-01-16T15:58:57 IST" duration-ms="2698" status="PASS">
          <params>
            <param index="0">
              <value>
                <![CDATA[Firefox]]>
              </value>
            </param>
          </params>
          <reporter-output>
          </reporter-output>
        </test-method> <!-- setup -->
        <test-method signature="verify_HomePageNavigation()[pri:0, instance:com.Test.Test1_HomePageNavigation@2dc995f4]" started-at="2024-01-16T15:58:57 IST" name="verify_HomePageNavigation" finished-at="2024-01-16T15:59:27 IST" duration-ms="30044" status="PASS">
          <reporter-output>
          </reporter-output>
        </test-method> <!-- verify_HomePageNavigation -->
        <test-method is-config="true" signature="tearDown()[pri:0, instance:com.Test.Test1_HomePageNavigation@2dc995f4]" started-at="2024-01-16T15:59:27 IST" name="tearDown" finished-at="2024-01-16T15:59:28 IST" duration-ms="889" status="PASS">
          <reporter-output>
          </reporter-output>
        </test-method> <!-- tearDown -->
      </class> <!-- com.Test.Test1_HomePageNavigation -->
      <class name="com.Test.Test5_Footer">
        <test-method is-config="true" signature="setup(java.lang.String)[pri:0, instance:com.Test.Test5_Footer@530712d]" started-at="2024-01-16T15:59:41 IST" name="setup" finished-at="2024-01-16T15:59:43 IST" duration-ms="2368" status="PASS">
          <params>
            <param index="0">
              <value>
                <![CDATA[Firefox]]>
              </value>
            </param>
          </params>
          <reporter-output>
          </reporter-output>
        </test-method> <!-- setup -->
        <test-method signature="VerifyFooterSection()[pri:0, instance:com.Test.Test5_Footer@530712d]" started-at="2024-01-16T15:59:43 IST" name="VerifyFooterSection" finished-at="2024-01-16T15:59:43 IST" duration-ms="1" status="PASS">
          <reporter-output>
          </reporter-output>
        </test-method> <!-- VerifyFooterSection -->
        <test-method is-config="true" signature="tearDown()[pri:0, instance:com.Test.Test5_Footer@530712d]" started-at="2024-01-16T15:59:43 IST" name="tearDown" finished-at="2024-01-16T15:59:45 IST" duration-ms="1703" status="PASS">
          <reporter-output>
          </reporter-output>
        </test-method> <!-- tearDown -->
      </class> <!-- com.Test.Test5_Footer -->
      <class name="com.Test.Test3_CardSection">
        <test-method is-config="true" signature="setup(java.lang.String)[pri:0, instance:com.Test.Test3_CardSection@517566b]" started-at="2024-01-16T15:59:33 IST" name="setup" finished-at="2024-01-16T15:59:35 IST" duration-ms="2513" status="PASS">
          <params>
            <param index="0">
              <value>
                <![CDATA[Firefox]]>
              </value>
            </param>
          </params>
          <reporter-output>
          </reporter-output>
        </test-method> <!-- setup -->
        <test-method signature="VerifyCardSection()[pri:0, instance:com.Test.Test3_CardSection@517566b]" started-at="2024-01-16T15:59:35 IST" name="VerifyCardSection" finished-at="2024-01-16T15:59:35 IST" duration-ms="1" status="PASS">
          <reporter-output>
          </reporter-output>
        </test-method> <!-- VerifyCardSection -->
        <test-method is-config="true" signature="tearDown()[pri:0, instance:com.Test.Test3_CardSection@517566b]" started-at="2024-01-16T15:59:35 IST" name="tearDown" finished-at="2024-01-16T15:59:37 IST" duration-ms="1711" status="PASS">
          <reporter-output>
          </reporter-output>
        </test-method> <!-- tearDown -->
      </class> <!-- com.Test.Test3_CardSection -->
      <class name="com.Test.Test10_Commission">
        <test-method is-config="true" signature="setup(java.lang.String)[pri:0, instance:com.Test.Test10_Commission@55322aab]" started-at="2024-01-16T16:00:01 IST" name="setup" finished-at="2024-01-16T16:00:03 IST" duration-ms="2359" status="PASS">
          <params>
            <param index="0">
              <value>
                <![CDATA[Firefox]]>
              </value>
            </param>
          </params>
          <reporter-output>
          </reporter-output>
        </test-method> <!-- setup -->
        <test-method signature="VerifyTheCommissinPage()[pri:0, instance:com.Test.Test10_Commission@55322aab]" started-at="2024-01-16T16:00:03 IST" name="VerifyTheCommissinPage" finished-at="2024-01-16T16:00:03 IST" duration-ms="0" status="PASS">
          <reporter-output>
          </reporter-output>
        </test-method> <!-- VerifyTheCommissinPage -->
        <test-method is-config="true" signature="tearDown()[pri:0, instance:com.Test.Test10_Commission@55322aab]" started-at="2024-01-16T16:00:03 IST" name="tearDown" finished-at="2024-01-16T16:00:05 IST" duration-ms="1662" status="PASS">
          <reporter-output>
          </reporter-output>
        </test-method> <!-- tearDown -->
      </class> <!-- com.Test.Test10_Commission -->
      <class name="com.Test.Test7_Examination">
        <test-method is-config="true" signature="setup(java.lang.String)[pri:0, instance:com.Test.Test7_Examination@12ed9db6]" started-at="2024-01-16T15:59:49 IST" name="setup" finished-at="2024-01-16T15:59:51 IST" duration-ms="2457" status="PASS">
          <params>
            <param index="0">
              <value>
                <![CDATA[Firefox]]>
              </value>
            </param>
          </params>
          <reporter-output>
          </reporter-output>
        </test-method> <!-- setup -->
        <test-method signature="VerifyActiveExamination()[pri:0, instance:com.Test.Test7_Examination@12ed9db6]" started-at="2024-01-16T15:59:51 IST" name="VerifyActiveExamination" finished-at="2024-01-16T15:59:51 IST" duration-ms="1" status="PASS">
          <reporter-output>
          </reporter-output>
        </test-method> <!-- VerifyActiveExamination -->
        <test-method is-config="true" signature="tearDown()[pri:0, instance:com.Test.Test7_Examination@12ed9db6]" started-at="2024-01-16T15:59:51 IST" name="tearDown" finished-at="2024-01-16T15:59:53 IST" duration-ms="1642" status="PASS">
          <reporter-output>
          </reporter-output>
        </test-method> <!-- tearDown -->
      </class> <!-- com.Test.Test7_Examination -->
      <class name="com.Test.Test2_Helpline">
        <test-method is-config="true" signature="setup(java.lang.String)[pri:0, instance:com.Test.Test2_Helpline@2f40e5db]" started-at="2024-01-16T15:59:28 IST" name="setup" finished-at="2024-01-16T15:59:31 IST" duration-ms="2418" status="PASS">
          <params>
            <param index="0">
              <value>
                <![CDATA[Firefox]]>
              </value>
            </param>
          </params>
          <reporter-output>
          </reporter-output>
        </test-method> <!-- setup -->
        <test-method signature="VerifyHelpline()[pri:0, instance:com.Test.Test2_Helpline@2f40e5db]" started-at="2024-01-16T15:59:31 IST" name="VerifyHelpline" finished-at="2024-01-16T15:59:31 IST" duration-ms="1" status="PASS">
          <reporter-output>
          </reporter-output>
        </test-method> <!-- VerifyHelpline -->
        <test-method is-config="true" signature="tearDown()[pri:0, instance:com.Test.Test2_Helpline@2f40e5db]" started-at="2024-01-16T15:59:31 IST" name="tearDown" finished-at="2024-01-16T15:59:33 IST" duration-ms="1744" status="PASS">
          <reporter-output>
          </reporter-output>
        </test-method> <!-- tearDown -->
      </class> <!-- com.Test.Test2_Helpline -->
      <class name="com.Test.Test8_Recruitment">
        <test-method is-config="true" signature="setup(java.lang.String)[pri:0, instance:com.Test.Test8_Recruitment@4ff4357f]" started-at="2024-01-16T15:59:53 IST" name="setup" finished-at="2024-01-16T15:59:55 IST" duration-ms="2353" status="PASS">
          <params>
            <param index="0">
              <value>
                <![CDATA[Firefox]]>
              </value>
            </param>
          </params>
          <reporter-output>
          </reporter-output>
        </test-method> <!-- setup -->
        <test-method signature="VerifyRecruitementPage()[pri:0, instance:com.Test.Test8_Recruitment@4ff4357f]" started-at="2024-01-16T15:59:55 IST" name="VerifyRecruitementPage" finished-at="2024-01-16T15:59:55 IST" duration-ms="1" status="PASS">
          <reporter-output>
          </reporter-output>
        </test-method> <!-- VerifyRecruitementPage -->
        <test-method is-config="true" signature="tearDown()[pri:0, instance:com.Test.Test8_Recruitment@4ff4357f]" started-at="2024-01-16T15:59:55 IST" name="tearDown" finished-at="2024-01-16T15:59:57 IST" duration-ms="1631" status="PASS">
          <reporter-output>
          </reporter-output>
        </test-method> <!-- tearDown -->
      </class> <!-- com.Test.Test8_Recruitment -->
      <class name="com.Test.Test6_Search">
        <test-method is-config="true" signature="setup(java.lang.String)[pri:0, instance:com.Test.Test6_Search@2df6226d]" started-at="2024-01-16T15:59:45 IST" name="setup" finished-at="2024-01-16T15:59:47 IST" duration-ms="2298" status="PASS">
          <params>
            <param index="0">
              <value>
                <![CDATA[Firefox]]>
              </value>
            </param>
          </params>
          <reporter-output>
          </reporter-output>
        </test-method> <!-- setup -->
        <test-method signature="VerifySearch()[pri:0, instance:com.Test.Test6_Search@2df6226d]" started-at="2024-01-16T15:59:47 IST" name="VerifySearch" finished-at="2024-01-16T15:59:47 IST" duration-ms="0" status="PASS">
          <reporter-output>
          </reporter-output>
        </test-method> <!-- VerifySearch -->
        <test-method is-config="true" signature="tearDown()[pri:0, instance:com.Test.Test6_Search@2df6226d]" started-at="2024-01-16T15:59:47 IST" name="tearDown" finished-at="2024-01-16T15:59:49 IST" duration-ms="1713" status="PASS">
          <reporter-output>
          </reporter-output>
        </test-method> <!-- tearDown -->
      </class> <!-- com.Test.Test6_Search -->
      <class name="com.Test.Test4_AlertSection">
        <test-method is-config="true" signature="setup(java.lang.String)[pri:0, instance:com.Test.Test4_AlertSection@64b73e7a]" started-at="2024-01-16T15:59:37 IST" name="setup" finished-at="2024-01-16T15:59:39 IST" duration-ms="2291" status="PASS">
          <params>
            <param index="0">
              <value>
                <![CDATA[Firefox]]>
              </value>
            </param>
          </params>
          <reporter-output>
          </reporter-output>
        </test-method> <!-- setup -->
        <test-method signature="VerifyAlertSection()[pri:0, instance:com.Test.Test4_AlertSection@64b73e7a]" started-at="2024-01-16T15:59:39 IST" name="VerifyAlertSection" finished-at="2024-01-16T15:59:39 IST" duration-ms="0" status="PASS">
          <reporter-output>
          </reporter-output>
        </test-method> <!-- VerifyAlertSection -->
        <test-method is-config="true" signature="tearDown()[pri:0, instance:com.Test.Test4_AlertSection@64b73e7a]" started-at="2024-01-16T15:59:39 IST" name="tearDown" finished-at="2024-01-16T15:59:41 IST" duration-ms="1690" status="PASS">
          <reporter-output>
          </reporter-output>
        </test-method> <!-- tearDown -->
      </class> <!-- com.Test.Test4_AlertSection -->
    </test> <!-- Test_Firefox -->
  </suite> <!-- Suite -->
</testng-results>
